{"C:\\Users\\soyeon\\Desktop\\soyeon\\RESUME_FE\\src\\App.tsx": {"path":"C:\\Users\\soyeon\\Desktop\\soyeon\\RESUME_FE\\src\\App.tsx","statementMap":{"0":{"start":{"line":1,"column":0},"end":{"line":1,"column":49}},"1":{"start":{"line":2,"column":0},"end":{"line":2,"column":42}},"2":{"start":{"line":4,"column":0},"end":{"line":4,"column":48}},"3":{"start":{"line":5,"column":0},"end":{"line":5,"column":45}},"4":{"start":{"line":7,"column":12},"end":{"line":48,"column":1}},"5":{"start":{"line":8,"column":22},"end":{"line":8,"column":35}},"6":{"start":{"line":10,"column":2},"end":{"line":40,"column":9}},"7":{"start":{"line":11,"column":28},"end":{"line":13,"column":5}},"8":{"start":{"line":12,"column":6},"end":{"line":12,"column":33}},"9":{"start":{"line":15,"column":26},"end":{"line":18,"column":5}},"10":{"start":{"line":16,"column":6},"end":{"line":16,"column":34}},"11":{"start":{"line":17,"column":6},"end":{"line":17,"column":55}},"12":{"start":{"line":20,"column":28},"end":{"line":29,"column":5}},"13":{"start":{"line":21,"column":6},"end":{"line":21,"column":39}},"14":{"start":{"line":21,"column":32},"end":{"line":21,"column":39}},"15":{"start":{"line":23,"column":27},"end":{"line":23,"column":66}},"16":{"start":{"line":24,"column":6},"end":{"line":28,"column":7}},"17":{"start":{"line":25,"column":8},"end":{"line":25,"column":54}},"18":{"start":{"line":27,"column":8},"end":{"line":27,"column":57}},"19":{"start":{"line":31,"column":4},"end":{"line":31,"column":60}},"20":{"start":{"line":32,"column":4},"end":{"line":32,"column":56}},"21":{"start":{"line":33,"column":4},"end":{"line":33,"column":60}},"22":{"start":{"line":35,"column":4},"end":{"line":39,"column":6}},"23":{"start":{"line":36,"column":6},"end":{"line":36,"column":65}},"24":{"start":{"line":37,"column":6},"end":{"line":37,"column":61}},"25":{"start":{"line":38,"column":6},"end":{"line":38,"column":65}},"26":{"start":{"line":42,"column":2},"end":{"line":47,"column":4}},"27":{"start":{"line":50,"column":0},"end":{"line":50,"column":19}}},"fnMap":{"0":{"name":"(anonymous_1)","decl":{"start":{"line":7,"column":12},"end":{"line":7,"column":15}},"loc":{"start":{"line":7,"column":17},"end":{"line":48,"column":1}}},"1":{"name":"(anonymous_2)","decl":{"start":{"line":10,"column":12},"end":{"line":10,"column":15}},"loc":{"start":{"line":10,"column":17},"end":{"line":40,"column":3}}},"2":{"name":"(anonymous_3)","decl":{"start":{"line":11,"column":28},"end":{"line":11,"column":31}},"loc":{"start":{"line":11,"column":33},"end":{"line":13,"column":5}}},"3":{"name":"(anonymous_4)","decl":{"start":{"line":15,"column":26},"end":{"line":15,"column":29}},"loc":{"start":{"line":15,"column":31},"end":{"line":18,"column":5}}},"4":{"name":"(anonymous_5)","decl":{"start":{"line":20,"column":28},"end":{"line":20,"column":31}},"loc":{"start":{"line":20,"column":33},"end":{"line":29,"column":5}}},"5":{"name":"(anonymous_6)","decl":{"start":{"line":35,"column":11},"end":{"line":35,"column":14}},"loc":{"start":{"line":35,"column":16},"end":{"line":39,"column":5}}}},"branchMap":{"0":{"loc":{"start":{"line":21,"column":6},"end":{"line":21,"column":39}},"type":"if","locations":[{"start":{"line":21,"column":6},"end":{"line":21,"column":39}},{"start":{},"end":{}}]},"1":{"loc":{"start":{"line":23,"column":27},"end":{"line":23,"column":66}},"type":"cond-expr","locations":[{"start":{"line":23,"column":60},"end":{"line":23,"column":64}},{"start":{"line":23,"column":64},"end":{"line":23,"column":66}}]},"2":{"loc":{"start":{"line":23,"column":27},"end":{"line":23,"column":64}},"type":"binary-expr","locations":[{"start":{"line":23,"column":27},"end":{"line":23,"column":64}},{"start":{"line":23,"column":60},"end":{"line":23,"column":64}}]},"3":{"loc":{"start":{"line":23,"column":27},"end":{"line":23,"column":60}},"type":"cond-expr","locations":[{"start":{"line":23,"column":48},"end":{"line":23,"column":50}},{"start":{"line":23,"column":48},"end":{"line":23,"column":60}}]},"4":{"loc":{"start":{"line":23,"column":27},"end":{"line":23,"column":50}},"type":"binary-expr","locations":[{"start":{"line":23,"column":27},"end":{"line":23,"column":50}},{"start":{"line":23,"column":48},"end":{"line":23,"column":50}}]},"5":{"loc":{"start":{"line":24,"column":6},"end":{"line":28,"column":7}},"type":"if","locations":[{"start":{"line":24,"column":6},"end":{"line":28,"column":7}},{"start":{"line":26,"column":13},"end":{"line":28,"column":7}}]}},"s":{"0":1,"1":1,"2":1,"3":1,"4":1,"5":2,"6":2,"7":2,"8":0,"9":2,"10":0,"11":0,"12":2,"13":0,"14":0,"15":0,"16":0,"17":0,"18":0,"19":2,"20":2,"21":2,"22":2,"23":2,"24":2,"25":2,"26":2,"27":1},"f":{"0":2,"1":2,"2":0,"3":0,"4":0,"5":2},"b":{"0":[0,0],"1":[0,0],"2":[0,0],"3":[0,0],"4":[0,0],"5":[0,0]}}
}
